<?xml version="1.0" encoding="UTF-8"?>
<testng-results skipped="0" failed="0" total="1" passed="1">
  <reporter-output>
  </reporter-output>
  <suite name="Default suite" duration-ms="24" started-at="2014-08-29T22:50:30Z" finished-at="2014-08-29T22:50:30Z">
    <groups>
    </groups>
    <test name="Default test" duration-ms="24" started-at="2014-08-29T22:50:30Z" finished-at="2014-08-29T22:50:30Z">
      <class name="com.psl.sample.MyFirstSample">
        <test-method status="PASS" signature="beforeTest()[pri:0, instance:com.psl.sample.MyFirstSample@137c60d]" name="beforeTest" is-config="true" duration-ms="8" started-at="2014-08-29T22:50:30Z" finished-at="2014-08-29T22:50:30Z">
        </test-method> <!-- beforeTest -->
        <test-method status="PASS" signature="f()[pri:0, instance:com.psl.sample.MyFirstSample@137c60d]" name="f" duration-ms="5" started-at="2014-08-29T22:50:30Z" finished-at="2014-08-29T22:50:30Z">
        </test-method> <!-- f -->
        <test-method status="PASS" signature="afterTest()[pri:0, instance:com.psl.sample.MyFirstSample@137c60d]" name="afterTest" is-config="true" duration-ms="1" started-at="2014-08-29T22:50:30Z" finished-at="2014-08-29T22:50:30Z">
        </test-method> <!-- afterTest -->
      </class> <!-- com.psl.sample.MyFirstSample -->
    </test> <!-- Default test -->
  </suite> <!-- Default suite -->
</testng-results>
