<?xml version="1.0" encoding="UTF-8"?>
<testng-results skipped="0" failed="0" total="1" passed="1">
  <reporter-output>
  </reporter-output>
  <suite name="Default suite" duration-ms="17" started-at="2014-09-01T09:20:25Z" finished-at="2014-09-01T09:20:25Z">
    <groups>
    </groups>
    <test name="Default test" duration-ms="17" started-at="2014-09-01T09:20:25Z" finished-at="2014-09-01T09:20:25Z">
      <class name="com.psl.sample.MyFirstSample">
        <test-method status="PASS" signature="beforeTest()[pri:0, instance:com.psl.sample.MyFirstSample@df503]" name="beforeTest" is-config="true" duration-ms="8" started-at="2014-09-01T14:50:25Z" finished-at="2014-09-01T14:50:25Z">
          <reporter-output>
          </reporter-output>
        </test-method> <!-- beforeTest -->
        <test-method status="PASS" signature="f()[pri:0, instance:com.psl.sample.MyFirstSample@df503]" name="f" duration-ms="0" started-at="2014-09-01T14:50:25Z" finished-at="2014-09-01T14:50:25Z">
          <reporter-output>
          </reporter-output>
        </test-method> <!-- f -->
        <test-method status="PASS" signature="afterTest()[pri:0, instance:com.psl.sample.MyFirstSample@df503]" name="afterTest" is-config="true" duration-ms="0" started-at="2014-09-01T14:50:25Z" finished-at="2014-09-01T14:50:25Z">
          <reporter-output>
          </reporter-output>
        </test-method> <!-- afterTest -->
      </class> <!-- com.psl.sample.MyFirstSample -->
    </test> <!-- Default test -->
  </suite> <!-- Default suite -->
</testng-results>
